Usable TA numbers: 77
(100, 10, 2172) (100, 10)
Up days: 1173
Rate 169.846147676
UpFitness 499
DownFitness 0
Generation -1 is end. Gen_End_Time: 9.04836368560791
Searching End.: 8.296966552734375e-05
Rate 169.846147676
UpFitness 499
DownFitness 0
Gen 0 is end.
maxProfit:  169.846147676
Average:  103.50796462
Rate 169.846147676
UpFitness 499
DownFitness 0
Gen 1 is end.
maxProfit:  169.846147676
Average:  104.036640572
Rate 169.846147676
UpFitness 499
DownFitness 0
Gen 2 is end.
maxProfit:  169.846147676
Average:  104.287459013
Rate 169.846147676
UpFitness 499
DownFitness 0
Gen 3 is end.
maxProfit:  169.846147676
Average:  104.34894455
Rate 169.846147676
UpFitness 499
DownFitness 0
Gen 4 is end.
maxProfit:  169.846147676
Average:  104.953534234
Rate 170.371800701
UpFitness 834
DownFitness 0
maxProfit has been changed.
Gen 5 is end.
maxProfit:  170.371800701
Average:  106.507358183
Rate 170.371800701
UpFitness 834
DownFitness 0
Gen 6 is end.
maxProfit:  170.371800701
Average:  105.032229835
Rate 192.202099013
UpFitness 736
DownFitness 0
maxProfit has been changed.
Gen 7 is end.
maxProfit:  192.202099013
Average:  106.845314061
Rate 192.202099013
UpFitness 736
DownFitness 0
Gen 8 is end.
maxProfit:  192.202099013
Average:  107.686506265
Rate 192.202099013
UpFitness 736
DownFitness 0
Gen 9 is end.
maxProfit:  192.202099013
Average:  108.747784215
Rate 192.202099013
UpFitness 736
DownFitness 0
Gen 10 is end.
maxProfit:  192.202099013
Average:  107.348565478
Rate 192.202099013
UpFitness 736
DownFitness 0
Gen 11 is end.
maxProfit:  192.202099013
Average:  109.051336888
Rate 192.202099013
UpFitness 736
DownFitness 0
Gen 12 is end.
maxProfit:  192.202099013
Average:  113.340578085
Rate 192.202099013
UpFitness 736
DownFitness 0
Gen 13 is end.
maxProfit:  192.202099013
Average:  115.07738804
Rate 192.202099013
UpFitness 736
DownFitness 0
Gen 14 is end.
maxProfit:  192.202099013
Average:  114.624579356
Rate 194.208389993
UpFitness 934
DownFitness 0
maxProfit has been changed.
Gen 15 is end.
maxProfit:  194.208389993
Average:  111.893092998
Rate 194.208389993
UpFitness 934
DownFitness 0
Gen 16 is end.
maxProfit:  194.208389993
Average:  113.633672642
Rate 194.208389993
UpFitness 934
DownFitness 0
Gen 17 is end.
maxProfit:  194.208389993
Average:  116.018282133
Rate 194.208389993
UpFitness 934
DownFitness 0
Gen 18 is end.
maxProfit:  194.208389993
Average:  117.510156037
Rate 194.208389993
UpFitness 934
DownFitness 0
Gen 19 is end.
maxProfit:  194.208389993
Average:  118.509744705
Rate 194.208389993
UpFitness 934
DownFitness 0
Gen 20 is end.
maxProfit:  194.208389993
Average:  120.501493801
Rate 194.208389993
UpFitness 934
DownFitness 0
Gen 21 is end.
maxProfit:  194.208389993
Average:  124.910833413
Rate 198.588415472
UpFitness 947
DownFitness 0
maxProfit has been changed.
Gen 22 is end.
maxProfit:  198.588415472
Average:  127.088559664
Rate 198.599117991
UpFitness 945
DownFitness 0
maxProfit has been changed.
Gen 23 is end.
maxProfit:  198.599117991
Average:  126.765792806
Rate 264.551934691
UpFitness 868
DownFitness 0
maxProfit has been changed.
Gen 24 is end.
maxProfit:  264.551934691
Average:  126.13877431
Rate 264.551934691
UpFitness 868
DownFitness 0
Gen 25 is end.
maxProfit:  264.551934691
Average:  124.587065632
Rate 264.551934691
UpFitness 868
DownFitness 0
Gen 26 is end.
maxProfit:  264.551934691
Average:  130.638420268
Rate 264.551934691
UpFitness 868
DownFitness 0
Gen 27 is end.
maxProfit:  264.551934691
Average:  134.648429978
Rate 285.549954716
UpFitness 946
DownFitness 0
maxProfit has been changed.
Gen 28 is end.
maxProfit:  285.549954716
Average:  137.608351896
Rate 285.549954716
UpFitness 946
DownFitness 0
Gen 29 is end.
maxProfit:  285.549954716
Average:  139.234208582
Rate 323.522786095
UpFitness 1024
DownFitness 0
maxProfit has been changed.
Gen 30 is end.
maxProfit:  323.522786095
Average:  145.067333406
Rate 323.522786095
UpFitness 1024
DownFitness 0
Gen 31 is end.
maxProfit:  323.522786095
Average:  152.011660042
Rate 324.408559022
UpFitness 936
DownFitness 0
maxProfit has been changed.
Gen 32 is end.
maxProfit:  324.408559022
Average:  170.068068486
Rate 324.408559022
UpFitness 936
DownFitness 0
Gen 33 is end.
maxProfit:  324.408559022
Average:  180.583204598
Rate 324.408559022
UpFitness 936
DownFitness 0
Gen 34 is end.
maxProfit:  324.408559022
Average:  194.833623479
Rate 326.228716179
UpFitness 937
DownFitness 0
maxProfit has been changed.
Gen 35 is end.
maxProfit:  326.228716179
Average:  215.64332887
Rate 335.809072545
UpFitness 892
DownFitness 0
maxProfit has been changed.
Gen 36 is end.
maxProfit:  335.809072545
Average:  232.747674314
Rate 342.374245885
UpFitness 937
DownFitness 0
maxProfit has been changed.
Gen 37 is end.
maxProfit:  342.374245885
Average:  238.93361639
Rate 351.77227743
UpFitness 934
DownFitness 0
maxProfit has been changed.
Gen 38 is end.
maxProfit:  351.77227743
Average:  257.213187429
Rate 362.335545744
UpFitness 933
DownFitness 0
maxProfit has been changed.
Gen 39 is end.
maxProfit:  362.335545744
Average:  273.188569825
Rate 362.335545744
UpFitness 933
DownFitness 0
Gen 40 is end.
maxProfit:  362.335545744
Average:  280.20634493
Rate 365.900835008
UpFitness 926
DownFitness 0
maxProfit has been changed.
Gen 41 is end.
maxProfit:  365.900835008
Average:  285.871041406
Rate 365.900835008
UpFitness 926
DownFitness 0
Gen 42 is end.
maxProfit:  365.900835008
Average:  292.350189321
Rate 365.900835008
UpFitness 926
DownFitness 0
Gen 43 is end.
maxProfit:  365.900835008
Average:  293.78912924
Rate 390.940844225
UpFitness 924
DownFitness 0
maxProfit has been changed.
Gen 44 is end.
maxProfit:  390.940844225
Average:  295.531716671
Rate 390.940844225
UpFitness 924
DownFitness 0
Gen 45 is end.
maxProfit:  390.940844225
Average:  300.811852116
Rate 390.940844225
UpFitness 924
DownFitness 0
Gen 46 is end.
maxProfit:  390.940844225
Average:  299.847378528
Rate 390.940844225
UpFitness 924
DownFitness 0
Gen 47 is end.
maxProfit:  390.940844225
Average:  306.580092459
Rate 428.983394916
UpFitness 917
DownFitness 0
maxProfit has been changed.
Gen 48 is end.
maxProfit:  428.983394916
Average:  311.576863867
Rate 428.983394916
UpFitness 917
DownFitness 0
Gen 49 is end.
maxProfit:  428.983394916
Average:  314.028511085
Rate 428.983394916
UpFitness 917
DownFitness 0
Gen 50 is end.
maxProfit:  428.983394916
Average:  320.896250218
Rate 428.983394916
UpFitness 917
DownFitness 0
Gen 51 is end.
maxProfit:  428.983394916
Average:  319.476056479
Rate 428.983394916
UpFitness 917
DownFitness 0
Gen 52 is end.
maxProfit:  428.983394916
Average:  322.74512413
Rate 428.983394916
UpFitness 917
DownFitness 0
Gen 53 is end.
maxProfit:  428.983394916
Average:  317.896975085
Rate 428.983394916
UpFitness 917
DownFitness 0
Gen 54 is end.
maxProfit:  428.983394916
Average:  326.820763347
Rate 437.238165225
UpFitness 906
DownFitness 0
maxProfit has been changed.
Gen 55 is end.
maxProfit:  437.238165225
Average:  331.868728281
Rate 501.754770614
UpFitness 870
DownFitness 0
maxProfit has been changed.
Gen 56 is end.
maxProfit:  501.754770614
Average:  336.975446329
Rate 501.754770614
UpFitness 870
DownFitness 0
Gen 57 is end.
maxProfit:  501.754770614
Average:  345.196860689
Rate 501.754770614
UpFitness 870
DownFitness 0
Gen 58 is end.
maxProfit:  501.754770614
Average:  344.80884832
Rate 501.754770614
UpFitness 870
DownFitness 0
Gen 59 is end.
maxProfit:  501.754770614
Average:  343.797839737
Rate 516.723555838
UpFitness 880
DownFitness 0
maxProfit has been changed.
Gen 60 is end.
maxProfit:  516.723555838
Average:  350.805372597
Rate 516.723555838
UpFitness 880
DownFitness 0
Gen 61 is end.
maxProfit:  516.723555838
Average:  360.442795282
Rate 532.276399651
UpFitness 872
DownFitness 0
maxProfit has been changed.
Gen 62 is end.
maxProfit:  532.276399651
Average:  366.317021759
Rate 543.980614938
UpFitness 869
DownFitness 0
maxProfit has been changed.
Gen 63 is end.
maxProfit:  543.980614938
Average:  377.432960709
Rate 543.980614938
UpFitness 869
DownFitness 0
Gen 64 is end.
maxProfit:  543.980614938
Average:  388.8717027
Rate 543.980614938
UpFitness 869
DownFitness 0
Gen 65 is end.
maxProfit:  543.980614938
Average:  402.016788537
Rate 543.980614938
UpFitness 869
DownFitness 0
Gen 66 is end.
maxProfit:  543.980614938
Average:  402.463778563
Rate 543.980614938
UpFitness 869
DownFitness 0
Gen 67 is end.
maxProfit:  543.980614938
Average:  394.840552704
Rate 548.895270704
UpFitness 873
DownFitness 0
maxProfit has been changed.
Gen 68 is end.
maxProfit:  548.895270704
Average:  398.550014145
Rate 548.895270704
UpFitness 873
DownFitness 0
Gen 69 is end.
maxProfit:  548.895270704
Average:  404.473424132
Rate 553.482319018
UpFitness 871
DownFitness 0
maxProfit has been changed.
Gen 70 is end.
maxProfit:  553.482319018
Average:  403.78830566
Rate 553.482319018
UpFitness 871
DownFitness 0
Gen 71 is end.
maxProfit:  553.482319018
Average:  397.279821775
Rate 553.482319018
UpFitness 871
DownFitness 0
Gen 72 is end.
maxProfit:  553.482319018
Average:  412.179105661
Rate 569.780014581
UpFitness 857
DownFitness 0
maxProfit has been changed.
Gen 73 is end.
maxProfit:  569.780014581
Average:  429.93985752
Rate 569.780014581
UpFitness 857
DownFitness 0
Gen 74 is end.
maxProfit:  569.780014581
Average:  433.635793704
Rate 569.780014581
UpFitness 857
DownFitness 0
Gen 75 is end.
maxProfit:  569.780014581
Average:  440.966790603
Rate 593.124744537
UpFitness 898
DownFitness 0
maxProfit has been changed.
Gen 76 is end.
maxProfit:  593.124744537
Average:  435.315543755
Rate 593.124744537
UpFitness 898
DownFitness 0
Gen 77 is end.
maxProfit:  593.124744537
Average:  435.625129955
Rate 607.801774197
UpFitness 862
DownFitness 0
maxProfit has been changed.
Gen 78 is end.
maxProfit:  607.801774197
Average:  437.567792703
Rate 607.801774197
UpFitness 862
DownFitness 0
Gen 79 is end.
maxProfit:  607.801774197
Average:  439.390569173
Rate 607.801774197
UpFitness 862
DownFitness 0
Gen 80 is end.
maxProfit:  607.801774197
Average:  450.435580183
Rate 620.949102538
UpFitness 853
DownFitness 0
maxProfit has been changed.
Gen 81 is end.
maxProfit:  620.949102538
Average:  455.152228074
Rate 620.949102538
UpFitness 853
DownFitness 0
Gen 82 is end.
maxProfit:  620.949102538
Average:  463.470382466
Rate 651.103118541
UpFitness 860
DownFitness 0
maxProfit has been changed.
Gen 83 is end.
maxProfit:  651.103118541
Average:  482.151416133
Rate 663.484415331
UpFitness 854
DownFitness 0
maxProfit has been changed.
Gen 84 is end.
maxProfit:  663.484415331
Average:  501.700041727
Rate 704.891214782
UpFitness 850
DownFitness 0
maxProfit has been changed.
Gen 85 is end.
maxProfit:  704.891214782
Average:  518.041411322
Rate 704.891214782
UpFitness 850
DownFitness 0
Gen 86 is end.
maxProfit:  704.891214782
Average:  519.524781091
Rate 704.891214782
UpFitness 850
DownFitness 0
Gen 87 is end.
maxProfit:  704.891214782
Average:  512.546690346
Rate 704.891214782
UpFitness 850
DownFitness 0
Gen 88 is end.
maxProfit:  704.891214782
Average:  532.958974092
Rate 709.876882955
UpFitness 833
DownFitness 0
maxProfit has been changed.
Gen 89 is end.
maxProfit:  709.876882955
Average:  544.304431753
Rate 709.876882955
UpFitness 833
DownFitness 0
Gen 90 is end.
maxProfit:  709.876882955
Average:  538.452059629
Rate 716.152157001
UpFitness 831
DownFitness 0
maxProfit has been changed.
Gen 91 is end.
maxProfit:  716.152157001
Average:  552.465427324
Rate 726.672303742
UpFitness 835
DownFitness 0
maxProfit has been changed.
Gen 92 is end.
maxProfit:  726.672303742
Average:  557.962298845
Rate 726.672303742
UpFitness 835
DownFitness 0
Gen 93 is end.
maxProfit:  726.672303742
Average:  567.128819238
Rate 769.749982701
UpFitness 825
DownFitness 0
maxProfit has been changed.
Gen 94 is end.
maxProfit:  769.749982701
Average:  579.911085856
Rate 769.749982701
UpFitness 825
DownFitness 0
Gen 95 is end.
maxProfit:  769.749982701
Average:  584.065494396
Rate 769.749982701
UpFitness 825
DownFitness 0
Gen 96 is end.
maxProfit:  769.749982701
Average:  590.018508109
Rate 769.749982701
UpFitness 825
DownFitness 0
Gen 97 is end.
maxProfit:  769.749982701
Average:  595.213124671
Rate 802.930210917
UpFitness 835
DownFitness 0
maxProfit has been changed.
Gen 98 is end.
maxProfit:  802.930210917
Average:  588.345063352
Rate 802.930210917
UpFitness 835
DownFitness 0
Gen 99 is end.
maxProfit:  802.930210917
Average:  585.612807901
Rate 802.930210917
UpFitness 835
DownFitness 0
Gen 100 is end.
maxProfit:  802.930210917
Average:  602.459420769
Rate 807.751482642
UpFitness 834
DownFitness 0
maxProfit has been changed.
Gen 101 is end.
maxProfit:  807.751482642
Average:  613.366303442
Rate 808.773777447
UpFitness 828
DownFitness 0
maxProfit has been changed.
Gen 102 is end.
maxProfit:  808.773777447
Average:  614.175535364
Rate 808.773777447
UpFitness 828
DownFitness 0
Gen 103 is end.
maxProfit:  808.773777447
Average:  608.996993278
Rate 808.773777447
UpFitness 828
DownFitness 0
Gen 104 is end.
maxProfit:  808.773777447
Average:  605.136248116
Rate 808.773777447
UpFitness 828
DownFitness 0
Gen 105 is end.
maxProfit:  808.773777447
Average:  612.513086644
Rate 808.773777447
UpFitness 828
DownFitness 0
Gen 106 is end.
maxProfit:  808.773777447
Average:  622.760375
Rate 808.773777447
UpFitness 828
DownFitness 0
Gen 107 is end.
maxProfit:  808.773777447
Average:  636.440415207
Rate 808.773777447
UpFitness 828
DownFitness 0
Gen 108 is end.
maxProfit:  808.773777447
Average:  650.623449393
Rate 849.129688245
UpFitness 816
DownFitness 0
maxProfit has been changed.
Gen 109 is end.
maxProfit:  849.129688245
Average:  675.064523444
Rate 849.129688245
UpFitness 816
DownFitness 0
Gen 110 is end.
maxProfit:  849.129688245
Average:  669.58722959
Rate 864.483239764
UpFitness 834
DownFitness 0
maxProfit has been changed.
Gen 111 is end.
maxProfit:  864.483239764
Average:  675.873173612
Rate 864.483239764
UpFitness 834
DownFitness 0
Gen 112 is end.
maxProfit:  864.483239764
Average:  678.927675917
Rate 881.475476347
UpFitness 813
DownFitness 0
maxProfit has been changed.
Gen 113 is end.
maxProfit:  881.475476347
Average:  675.636473398
Rate 896.019618812
UpFitness 815
DownFitness 0
maxProfit has been changed.
Gen 114 is end.
maxProfit:  896.019618812
Average:  689.771722438
Rate 1001.88876184
UpFitness 819
DownFitness 0
maxProfit has been changed.
Gen 115 is end.
maxProfit:  1001.88876184
Average:  696.070745622
Rate 1001.88876184
UpFitness 819
DownFitness 0
Gen 116 is end.
maxProfit:  1001.88876184
Average:  677.861094141
Rate 1001.88876184
UpFitness 819
DownFitness 0
Gen 117 is end.
maxProfit:  1001.88876184
Average:  672.009072882
Rate 1001.88876184
UpFitness 819
DownFitness 0
Gen 118 is end.
maxProfit:  1001.88876184
Average:  697.288149785
Rate 1001.88876184
UpFitness 819
DownFitness 0
Gen 119 is end.
maxProfit:  1001.88876184
Average:  694.976277855
Rate 1001.88876184
UpFitness 819
DownFitness 0
Gen 120 is end.
maxProfit:  1001.88876184
Average:  701.297939952
Rate 1001.88876184
UpFitness 819
DownFitness 0
Gen 121 is end.
maxProfit:  1001.88876184
Average:  743.385165088
Rate 1001.88876184
UpFitness 819
DownFitness 0
Gen 122 is end.
maxProfit:  1001.88876184
Average:  759.434712294
Rate 1001.88876184
UpFitness 819
DownFitness 0
Gen 123 is end.
maxProfit:  1001.88876184
Average:  779.716763785
Rate 1001.88876184
UpFitness 819
DownFitness 0
Gen 124 is end.
maxProfit:  1001.88876184
Average:  786.638404241
Rate 1011.7024108
UpFitness 803
DownFitness 0
maxProfit has been changed.
Gen 125 is end.
maxProfit:  1011.7024108
Average:  769.031966042
Rate 1059.46674147
UpFitness 816
DownFitness 0
maxProfit has been changed.
Gen 126 is end.
maxProfit:  1059.46674147
Average:  774.407614003
Rate 1059.46674147
UpFitness 816
DownFitness 0
Gen 127 is end.
maxProfit:  1059.46674147
Average:  774.725255454
Rate 1059.46674147
UpFitness 816
DownFitness 0
Gen 128 is end.
maxProfit:  1059.46674147
Average:  800.867204812
Rate 1059.46674147
UpFitness 816
DownFitness 0
Gen 129 is end.
maxProfit:  1059.46674147
Average:  818.577476647
Rate 1077.68088577
UpFitness 799
DownFitness 0
maxProfit has been changed.
Gen 130 is end.
maxProfit:  1077.68088577
Average:  822.286312834
Rate 1085.51179181
UpFitness 806
DownFitness 0
maxProfit has been changed.
Gen 131 is end.
maxProfit:  1085.51179181
Average:  790.791505501
Rate 1085.51179181
UpFitness 806
DownFitness 0
Gen 132 is end.
maxProfit:  1085.51179181
Average:  803.005674333
Rate 1085.51179181
UpFitness 806
DownFitness 0
Gen 133 is end.
maxProfit:  1085.51179181
Average:  833.123205045
Rate 1085.51179181
UpFitness 806
DownFitness 0
Gen 134 is end.
maxProfit:  1085.51179181
Average:  832.260360475
Rate 1085.51179181
UpFitness 806
DownFitness 0
Gen 135 is end.
maxProfit:  1085.51179181
Average:  840.755000475
Rate 1086.78258881
UpFitness 798
DownFitness 0
maxProfit has been changed.
Gen 136 is end.
maxProfit:  1086.78258881
Average:  835.993877269
Rate 1086.78258881
UpFitness 798
DownFitness 0
Gen 137 is end.
maxProfit:  1086.78258881
Average:  836.577341867
Rate 1086.78258881
UpFitness 798
DownFitness 0
Gen 138 is end.
maxProfit:  1086.78258881
Average:  874.121747589
Rate 1120.22590758
UpFitness 803
DownFitness 0
maxProfit has been changed.
Gen 139 is end.
maxProfit:  1120.22590758
Average:  870.910530799
Rate 1128.03086254
UpFitness 798
DownFitness 0
maxProfit has been changed.
Gen 140 is end.
maxProfit:  1128.03086254
Average:  888.849451194
Rate 1128.03086254
UpFitness 798
DownFitness 0
Gen 141 is end.
maxProfit:  1128.03086254
Average:  902.085138163
Rate 1249.73551083
UpFitness 807
DownFitness 0
maxProfit has been changed.
Gen 142 is end.
maxProfit:  1249.73551083
Average:  889.065462779
Rate 1249.73551083
UpFitness 807
DownFitness 0
Gen 143 is end.
maxProfit:  1249.73551083
Average:  890.433305062
Rate 1249.73551083
UpFitness 807
DownFitness 0
Gen 144 is end.
maxProfit:  1249.73551083
Average:  909.672217369
Rate 1249.73551083
UpFitness 807
DownFitness 0
Gen 145 is end.
maxProfit:  1249.73551083
Average:  910.529583951
Rate 1249.73551083
UpFitness 807
DownFitness 0
Gen 146 is end.
maxProfit:  1249.73551083
Average:  897.758832916
Rate 1249.73551083
UpFitness 807
DownFitness 0
Gen 147 is end.
maxProfit:  1249.73551083
Average:  892.239800376
Rate 1249.73551083
UpFitness 807
DownFitness 0
Gen 148 is end.
maxProfit:  1249.73551083
Average:  907.635851132
Rate 1249.73551083
UpFitness 807
DownFitness 0
Gen 149 is end.
maxProfit:  1249.73551083
Average:  921.273400594
Rate 1253.0895882
UpFitness 802
DownFitness 0
maxProfit has been changed.
Gen 150 is end.
maxProfit:  1253.0895882
Average:  919.014662795
Rate 1294.12849565
UpFitness 800
DownFitness 0
maxProfit has been changed.
Gen 151 is end.
maxProfit:  1294.12849565
Average:  934.74384867
Rate 1294.12849565
UpFitness 800
DownFitness 0
Gen 152 is end.
maxProfit:  1294.12849565
Average:  944.938533244
Rate 1294.12849565
UpFitness 800
DownFitness 0
Gen 153 is end.
maxProfit:  1294.12849565
Average:  935.49519033
Rate 1294.12849565
UpFitness 800
DownFitness 0
Gen 154 is end.
maxProfit:  1294.12849565
Average:  950.016354116
Rate 1302.12744095
UpFitness 799
DownFitness 0
maxProfit has been changed.
Gen 155 is end.
maxProfit:  1302.12744095
Average:  975.635436064
Rate 1302.12744095
UpFitness 799
DownFitness 0
Gen 156 is end.
maxProfit:  1302.12744095
Average:  973.902490118
Rate 1302.12744095
UpFitness 799
DownFitness 0
Gen 157 is end.
maxProfit:  1302.12744095
Average:  977.33872639
Rate 1327.31457834
UpFitness 797
DownFitness 0
maxProfit has been changed.
Gen 158 is end.
maxProfit:  1327.31457834
Average:  1005.75604094
Rate 1332.92828511
UpFitness 787
DownFitness 0
maxProfit has been changed.
Gen 159 is end.
maxProfit:  1332.92828511
Average:  980.325120058
Rate 1332.92828511
UpFitness 787
DownFitness 0
Gen 160 is end.
maxProfit:  1332.92828511
Average:  994.774447001
Rate 1332.92828511
UpFitness 787
DownFitness 0
Gen 161 is end.
maxProfit:  1332.92828511
Average:  981.115030998
Rate 1332.92828511
UpFitness 787
DownFitness 0
Gen 162 is end.
maxProfit:  1332.92828511
Average:  989.368724873
Rate 1332.92828511
UpFitness 787
DownFitness 0
Gen 163 is end.
maxProfit:  1332.92828511
Average:  974.233126832
Rate 1377.21757736
UpFitness 779
DownFitness 0
maxProfit has been changed.
Gen 164 is end.
maxProfit:  1377.21757736
Average:  1000.35472358
Rate 1377.21757736
UpFitness 779
DownFitness 0
Gen 165 is end.
maxProfit:  1377.21757736
Average:  996.153437352
Rate 1419.57628258
UpFitness 778
DownFitness 0
maxProfit has been changed.
Gen 166 is end.
maxProfit:  1419.57628258
Average:  1041.30349347
Rate 1419.57628258
UpFitness 778
DownFitness 0
Gen 167 is end.
maxProfit:  1419.57628258
Average:  1058.73749225
Rate 1422.91681841
UpFitness 784
DownFitness 0
maxProfit has been changed.
Gen 168 is end.
maxProfit:  1422.91681841
Average:  1064.66439189
Rate 1422.91681841
UpFitness 784
DownFitness 0
Gen 169 is end.
maxProfit:  1422.91681841
Average:  1073.82251429
Rate 1476.88725296
UpFitness 785
DownFitness 0
maxProfit has been changed.
Gen 170 is end.
maxProfit:  1476.88725296
Average:  1080.64935498
Rate 1476.88725296
UpFitness 785
DownFitness 0
Gen 171 is end.
maxProfit:  1476.88725296
Average:  1085.33316057
Rate 1507.0181032
UpFitness 783
DownFitness 0
maxProfit has been changed.
Gen 172 is end.
maxProfit:  1507.0181032
Average:  1077.39029406
Rate 1507.0181032
UpFitness 783
DownFitness 0
Gen 173 is end.
maxProfit:  1507.0181032
Average:  1105.32929605
Rate 1507.0181032
UpFitness 783
DownFitness 0
Gen 174 is end.
maxProfit:  1507.0181032
Average:  1096.9614764
Rate 1548.35381999
UpFitness 761
DownFitness 0
maxProfit has been changed.
Gen 175 is end.
maxProfit:  1548.35381999
Average:  1090.22311672
Rate 1548.35381999
UpFitness 761
DownFitness 0
Gen 176 is end.
maxProfit:  1548.35381999
Average:  1141.48192134
Rate 1548.35381999
UpFitness 761
DownFitness 0
Gen 177 is end.
maxProfit:  1548.35381999
Average:  1121.02174596
Rate 1548.35381999
UpFitness 761
DownFitness 0
Gen 178 is end.
maxProfit:  1548.35381999
Average:  1154.24901138
Rate 1631.63469375
UpFitness 778
DownFitness 0
maxProfit has been changed.
Gen 179 is end.
maxProfit:  1631.63469375
Average:  1174.65988702
Rate 1631.63469375
UpFitness 778
DownFitness 0
Gen 180 is end.
maxProfit:  1631.63469375
Average:  1185.17730848
Rate 1631.63469375
UpFitness 778
DownFitness 0
Gen 181 is end.
maxProfit:  1631.63469375
Average:  1214.53651428
Rate 1658.70656765
UpFitness 761
DownFitness 0
maxProfit has been changed.
Gen 182 is end.
maxProfit:  1658.70656765
Average:  1268.08837959
Rate 1658.70656765
UpFitness 761
DownFitness 0
Gen 183 is end.
maxProfit:  1658.70656765
Average:  1283.82588171
Rate 1658.70656765
UpFitness 761
DownFitness 0
Gen 184 is end.
maxProfit:  1658.70656765
Average:  1305.67981825
Rate 1658.70656765
UpFitness 761
DownFitness 0
Gen 185 is end.
maxProfit:  1658.70656765
Average:  1328.50978983
Rate 1659.93159292
UpFitness 751
DownFitness 0
maxProfit has been changed.
Gen 186 is end.
maxProfit:  1659.93159292
Average:  1341.74346944
Rate 1685.65557433
UpFitness 761
DownFitness 0
maxProfit has been changed.
Gen 187 is end.
maxProfit:  1685.65557433
Average:  1341.58747899
Rate 1685.65557433
UpFitness 761
DownFitness 0
Gen 188 is end.
maxProfit:  1685.65557433
Average:  1348.5881999
Rate 1685.65557433
UpFitness 761
DownFitness 0
Gen 189 is end.
maxProfit:  1685.65557433
Average:  1296.39422277
Rate 1685.65557433
UpFitness 761
DownFitness 0
Gen 190 is end.
maxProfit:  1685.65557433
Average:  1320.49350316
Rate 1685.65557433
UpFitness 761
DownFitness 0
Gen 191 is end.
maxProfit:  1685.65557433
Average:  1301.98593403
Rate 1685.65557433
UpFitness 761
DownFitness 0
Gen 192 is end.
maxProfit:  1685.65557433
Average:  1344.16100075
Rate 1685.65557433
UpFitness 761
DownFitness 0
Gen 193 is end.
maxProfit:  1685.65557433
Average:  1351.59067807
Rate 1685.65557433
UpFitness 761
DownFitness 0
Gen 194 is end.
maxProfit:  1685.65557433
Average:  1386.52263827
Rate 1728.61400817
UpFitness 758
DownFitness 0
maxProfit has been changed.
Gen 195 is end.
maxProfit:  1728.61400817
Average:  1414.81235832
Rate 1728.61400817
UpFitness 758
DownFitness 0
Gen 196 is end.
maxProfit:  1728.61400817
Average:  1364.81333045
Rate 1740.10488371
UpFitness 763
DownFitness 0
maxProfit has been changed.
Gen 197 is end.
maxProfit:  1740.10488371
Average:  1412.65435833
Rate 1740.10488371
UpFitness 763
DownFitness 0
Gen 198 is end.
maxProfit:  1740.10488371
Average:  1379.67484291
Rate 1740.10488371
UpFitness 763
DownFitness 0
Gen 199 is end.
maxProfit:  1740.10488371
Average:  1426.73190326
['MEDPRICE' 'ROCP' 'SAREXT' 'TSF' 'ADD' 'COS' 'SUB' 'NATR' 'TEMA' 'MIN']
Time 2099.831321954727
