Usable TA numbers: 77
(100, 10, 2172) (100, 10)
Up days: 1173
Rate 100.131425264
UpFitness 1
DownFitness 0
Generation -1 is end. Gen_End_Time: 7.611284255981445
Searching End.: 6.4849853515625e-05
Rate 100.131425264
UpFitness 1
DownFitness 0
Gen 0 is end.
maxProfit:  100.131425264
Average:  100.003768845
Rate 100.227079
UpFitness 1
DownFitness 0
maxProfit has been changed.
Gen 1 is end.
maxProfit:  100.227079
Average:  100.010033768
Rate 100.93580879
UpFitness 1
DownFitness 0
maxProfit has been changed.
Gen 2 is end.
maxProfit:  100.93580879
Average:  100.028960197
Rate 100.93580879
UpFitness 1
DownFitness 0
Gen 3 is end.
maxProfit:  100.93580879
Average:  100.027447764
Rate 100.93580879
UpFitness 1
DownFitness 0
Gen 4 is end.
maxProfit:  100.93580879
Average:  100.028742581
Rate 100.93580879
UpFitness 1
DownFitness 0
Gen 5 is end.
maxProfit:  100.93580879
Average:  100.029363334
Rate 100.93580879
UpFitness 1
DownFitness 0
Gen 6 is end.
maxProfit:  100.93580879
Average:  100.031330109
Rate 101.0442258
UpFitness 1
DownFitness 0
maxProfit has been changed.
Gen 7 is end.
maxProfit:  101.0442258
Average:  100.047178915
Rate 101.0442258
UpFitness 1
DownFitness 0
Gen 8 is end.
maxProfit:  101.0442258
Average:  100.054207925
Rate 101.0442258
UpFitness 1
DownFitness 0
Gen 9 is end.
maxProfit:  101.0442258
Average:  100.052550857
Rate 101.0442258
UpFitness 1
DownFitness 0
Gen 10 is end.
maxProfit:  101.0442258
Average:  100.049475352
Rate 101.0442258
UpFitness 1
DownFitness 0
Gen 11 is end.
maxProfit:  101.0442258
Average:  100.052758392
Rate 101.0442258
UpFitness 1
DownFitness 0
Gen 12 is end.
maxProfit:  101.0442258
Average:  100.081934074
Rate 101.749147472
UpFitness 1
DownFitness 0
maxProfit has been changed.
Gen 13 is end.
maxProfit:  101.749147472
Average:  100.073852719
Rate 101.749147472
UpFitness 1
DownFitness 0
Gen 14 is end.
maxProfit:  101.749147472
Average:  100.094366165
Rate 101.749147472
UpFitness 1
DownFitness 0
Gen 15 is end.
maxProfit:  101.749147472
Average:  100.095449118
Rate 101.749147472
UpFitness 1
DownFitness 0
Gen 16 is end.
maxProfit:  101.749147472
Average:  100.087269652
Rate 103.225448503
UpFitness 1
DownFitness 0
maxProfit has been changed.
Gen 17 is end.
maxProfit:  103.225448503
Average:  100.115923559
Rate 103.225448503
UpFitness 1
DownFitness 0
Gen 18 is end.
maxProfit:  103.225448503
Average:  100.120558635
Rate 103.225448503
UpFitness 1
DownFitness 0
Gen 19 is end.
maxProfit:  103.225448503
Average:  100.142277424
Rate 103.225448503
UpFitness 1
DownFitness 0
Gen 20 is end.
maxProfit:  103.225448503
Average:  100.156051404
Rate 103.225448503
UpFitness 1
DownFitness 0
Gen 21 is end.
maxProfit:  103.225448503
Average:  100.169742272
Rate 103.680859966
UpFitness 1
DownFitness 0
maxProfit has been changed.
Gen 22 is end.
maxProfit:  103.680859966
Average:  100.279089793
Rate 104.071282852
UpFitness 1
DownFitness 0
maxProfit has been changed.
Gen 23 is end.
maxProfit:  104.071282852
Average:  100.413806215
Rate 104.071282852
UpFitness 1
DownFitness 0
Gen 24 is end.
maxProfit:  104.071282852
Average:  100.350101631
Rate 104.071282852
UpFitness 1
DownFitness 0
Gen 25 is end.
maxProfit:  104.071282852
Average:  100.393909753
Rate 104.288579306
UpFitness 1
DownFitness 0
maxProfit has been changed.
Gen 26 is end.
maxProfit:  104.288579306
Average:  100.466706589
Rate 104.288579306
UpFitness 1
DownFitness 0
Gen 27 is end.
maxProfit:  104.288579306
Average:  100.477777422
Rate 104.288579306
UpFitness 1
DownFitness 0
Gen 28 is end.
maxProfit:  104.288579306
Average:  100.547831527
Rate 105.29219644
UpFitness 1
DownFitness 0
maxProfit has been changed.
Gen 29 is end.
maxProfit:  105.29219644
Average:  100.736480522
Rate 105.29219644
UpFitness 1
DownFitness 0
Gen 30 is end.
maxProfit:  105.29219644
Average:  100.711299887
Rate 105.29219644
UpFitness 1
DownFitness 0
Gen 31 is end.
maxProfit:  105.29219644
Average:  100.857015444
Rate 105.728539785
UpFitness 1
DownFitness 0
maxProfit has been changed.
Gen 32 is end.
maxProfit:  105.728539785
Average:  100.996424363
Rate 105.728539785
UpFitness 1
DownFitness 0
Gen 33 is end.
maxProfit:  105.728539785
Average:  100.927943351
Rate 105.728539785
UpFitness 1
DownFitness 0
Gen 34 is end.
maxProfit:  105.728539785
Average:  101.146851294
Rate 106.914900932
UpFitness 1
DownFitness 0
maxProfit has been changed.
Gen 35 is end.
maxProfit:  106.914900932
Average:  101.126015952
Rate 106.914900932
UpFitness 1
DownFitness 0
Gen 36 is end.
maxProfit:  106.914900932
Average:  100.973524769
Rate 106.914900932
UpFitness 1
DownFitness 0
Gen 37 is end.
maxProfit:  106.914900932
Average:  100.88536267
Rate 106.914900932
UpFitness 1
DownFitness 0
Gen 38 is end.
maxProfit:  106.914900932
Average:  101.226642559
Rate 106.914900932
UpFitness 1
DownFitness 0
Gen 39 is end.
maxProfit:  106.914900932
Average:  101.369266784
Rate 106.914900932
UpFitness 1
DownFitness 0
Gen 40 is end.
maxProfit:  106.914900932
Average:  101.373595815
Rate 107.560951364
UpFitness 1
DownFitness 0
maxProfit has been changed.
Gen 41 is end.
maxProfit:  107.560951364
Average:  101.386918263
Rate 107.560951364
UpFitness 1
DownFitness 0
Gen 42 is end.
maxProfit:  107.560951364
Average:  101.373544149
Rate 107.560951364
UpFitness 1
DownFitness 0
Gen 43 is end.
maxProfit:  107.560951364
Average:  101.958768827
Rate 108.293200247
UpFitness 1
DownFitness 0
maxProfit has been changed.
Gen 44 is end.
maxProfit:  108.293200247
Average:  102.001028021
Rate 108.293200247
UpFitness 1
DownFitness 0
Gen 45 is end.
maxProfit:  108.293200247
Average:  102.150817009
Rate 108.435506073
UpFitness 1
DownFitness 0
maxProfit has been changed.
Gen 46 is end.
maxProfit:  108.435506073
Average:  102.20420004
Rate 108.435506073
UpFitness 1
DownFitness 0
Gen 47 is end.
maxProfit:  108.435506073
Average:  102.012815035
Rate 108.617425484
UpFitness 1
DownFitness 0
maxProfit has been changed.
Gen 48 is end.
maxProfit:  108.617425484
Average:  102.155629878
Rate 108.617425484
UpFitness 1
DownFitness 0
Gen 49 is end.
maxProfit:  108.617425484
Average:  102.64214345
Rate 110.135106715
UpFitness 1
DownFitness 0
maxProfit has been changed.
Gen 50 is end.
maxProfit:  110.135106715
Average:  102.916585404
Rate 110.135106715
UpFitness 1
DownFitness 0
Gen 51 is end.
maxProfit:  110.135106715
Average:  103.028543608
Rate 110.135106715
UpFitness 1
DownFitness 0
Gen 52 is end.
maxProfit:  110.135106715
Average:  103.176758253
Rate 110.135106715
UpFitness 1
DownFitness 0
Gen 53 is end.
maxProfit:  110.135106715
Average:  103.040217095
Rate 110.135106715
UpFitness 1
DownFitness 0
Gen 54 is end.
maxProfit:  110.135106715
Average:  103.935908159
Rate 110.135106715
UpFitness 1
DownFitness 0
Gen 55 is end.
maxProfit:  110.135106715
Average:  103.886724096
Rate 110.135106715
UpFitness 1
DownFitness 0
Gen 56 is end.
maxProfit:  110.135106715
Average:  103.983181535
Rate 110.135106715
UpFitness 1
DownFitness 0
Gen 57 is end.
maxProfit:  110.135106715
Average:  103.638668853
Rate 110.135106715
UpFitness 1
DownFitness 0
Gen 58 is end.
maxProfit:  110.135106715
Average:  103.371837719
Rate 110.135106715
UpFitness 1
DownFitness 0
Gen 59 is end.
maxProfit:  110.135106715
Average:  103.866613274
Rate 110.135106715
UpFitness 1
DownFitness 0
Gen 60 is end.
maxProfit:  110.135106715
Average:  103.869854407
Rate 110.135106715
UpFitness 1
DownFitness 0
Gen 61 is end.
maxProfit:  110.135106715
Average:  104.15300453
Rate 110.135106715
UpFitness 1
DownFitness 0
Gen 62 is end.
maxProfit:  110.135106715
Average:  104.1381511
Rate 110.135106715
UpFitness 1
DownFitness 0
Gen 63 is end.
maxProfit:  110.135106715
Average:  104.264733345
Rate 110.192269979
UpFitness 1
DownFitness 0
maxProfit has been changed.
Gen 64 is end.
maxProfit:  110.192269979
Average:  104.251004106
Rate 110.192269979
UpFitness 1
DownFitness 0
Gen 65 is end.
maxProfit:  110.192269979
Average:  103.863444541
Rate 110.192269979
UpFitness 1
DownFitness 0
Gen 66 is end.
maxProfit:  110.192269979
Average:  104.189500677
Rate 110.192269979
UpFitness 1
DownFitness 0
Gen 67 is end.
maxProfit:  110.192269979
Average:  104.29583921
Rate 110.192269979
UpFitness 1
DownFitness 0
Gen 68 is end.
maxProfit:  110.192269979
Average:  104.465864421
Rate 110.192269979
UpFitness 1
DownFitness 0
Gen 69 is end.
maxProfit:  110.192269979
Average:  104.446607078
Rate 110.192269979
UpFitness 1
DownFitness 0
Gen 70 is end.
maxProfit:  110.192269979
Average:  104.436314689
Rate 110.192269979
UpFitness 1
DownFitness 0
Gen 71 is end.
maxProfit:  110.192269979
Average:  104.428286969
Rate 110.192269979
UpFitness 1
DownFitness 0
Gen 72 is end.
maxProfit:  110.192269979
Average:  104.443534907
Rate 110.192269979
UpFitness 1
DownFitness 0
Gen 73 is end.
maxProfit:  110.192269979
Average:  104.204838157
Rate 110.192269979
UpFitness 1
DownFitness 0
Gen 74 is end.
maxProfit:  110.192269979
Average:  104.258524044
Rate 110.192269979
UpFitness 1
DownFitness 0
Gen 75 is end.
maxProfit:  110.192269979
Average:  104.248302736
Rate 110.192269979
UpFitness 1
DownFitness 0
Gen 76 is end.
maxProfit:  110.192269979
Average:  104.481444565
Rate 110.192269979
UpFitness 1
DownFitness 0
Gen 77 is end.
maxProfit:  110.192269979
Average:  104.799570868
Rate 110.192269979
UpFitness 1
DownFitness 0
Gen 78 is end.
maxProfit:  110.192269979
Average:  105.052190468
Rate 111.226818153
UpFitness 1
DownFitness 0
maxProfit has been changed.
Gen 79 is end.
maxProfit:  111.226818153
Average:  104.736829098
Rate 111.226818153
UpFitness 1
DownFitness 0
Gen 80 is end.
maxProfit:  111.226818153
Average:  104.754928642
Rate 111.226818153
UpFitness 1
DownFitness 0
Gen 81 is end.
maxProfit:  111.226818153
Average:  105.21166196
Rate 111.226818153
UpFitness 1
DownFitness 0
Gen 82 is end.
maxProfit:  111.226818153
Average:  105.516495319
Rate 111.226818153
UpFitness 1
DownFitness 0
Gen 83 is end.
maxProfit:  111.226818153
Average:  105.376142977
Rate 111.226818153
UpFitness 1
DownFitness 0
Gen 84 is end.
maxProfit:  111.226818153
Average:  105.050811404
Rate 111.226818153
UpFitness 1
DownFitness 0
Gen 85 is end.
maxProfit:  111.226818153
Average:  105.210763492
Rate 111.226818153
UpFitness 1
DownFitness 0
Gen 86 is end.
maxProfit:  111.226818153
Average:  105.95773234
Rate 111.226818153
UpFitness 1
DownFitness 0
Gen 87 is end.
maxProfit:  111.226818153
Average:  105.69865945
Rate 111.357268917
UpFitness 1
DownFitness 0
maxProfit has been changed.
Gen 88 is end.
maxProfit:  111.357268917
Average:  105.702871958
Rate 111.357268917
UpFitness 1
DownFitness 0
Gen 89 is end.
maxProfit:  111.357268917
Average:  105.599643464
Rate 111.42409849
UpFitness 1
DownFitness 0
maxProfit has been changed.
Gen 90 is end.
maxProfit:  111.42409849
Average:  105.720075943
Rate 111.42409849
UpFitness 1
DownFitness 0
Gen 91 is end.
maxProfit:  111.42409849
Average:  105.522504231
Rate 111.42409849
UpFitness 1
DownFitness 0
Gen 92 is end.
maxProfit:  111.42409849
Average:  105.623879742
Rate 111.42409849
UpFitness 1
DownFitness 0
Gen 93 is end.
maxProfit:  111.42409849
Average:  105.511619319
Rate 111.42409849
UpFitness 1
DownFitness 0
Gen 94 is end.
maxProfit:  111.42409849
Average:  105.277513065
Rate 111.42409849
UpFitness 1
DownFitness 0
Gen 95 is end.
maxProfit:  111.42409849
Average:  105.240009526
Rate 111.42409849
UpFitness 1
DownFitness 0
Gen 96 is end.
maxProfit:  111.42409849
Average:  105.703309019
Rate 111.42409849
UpFitness 1
DownFitness 0
Gen 97 is end.
maxProfit:  111.42409849
Average:  106.028160925
Rate 111.42409849
UpFitness 1
DownFitness 0
Gen 98 is end.
maxProfit:  111.42409849
Average:  106.047803196
Rate 111.42409849
UpFitness 1
DownFitness 0
Gen 99 is end.
maxProfit:  111.42409849
Average:  105.788199394
['MA' 'SMA' 'MEDPRICE' 'MIDPOINT' 'LINEARREG' 'TYPPRICE' 'MIDPOINT' 'ADD'
 'SUM' 'SMA']
Time 839.2582743167877
